{"C:\\Users\\KobashikawaA\\studio\\java\\up_run\\todo-list\\todo-list-front-vanilla\\src\\addTask.js": {"path":"C:\\Users\\KobashikawaA\\studio\\java\\up_run\\todo-list\\todo-list-front-vanilla\\src\\addTask.js","statementMap":{"0":{"start":{"line":2,"column":4},"end":{"line":2,"column":39}},"1":{"start":{"line":6,"column":15},"end":{"line":6,"column":26}},"2":{"start":{"line":7,"column":4},"end":{"line":7,"column":22}},"3":{"start":{"line":10,"column":0},"end":{"line":10,"column":25}}},"fnMap":{"0":{"name":"getNextId","decl":{"start":{"line":1,"column":9},"end":{"line":1,"column":18}},"loc":{"start":{"line":1,"column":21},"end":{"line":3,"column":1}},"line":1},"1":{"name":"addTask","decl":{"start":{"line":5,"column":9},"end":{"line":5,"column":16}},"loc":{"start":{"line":5,"column":23},"end":{"line":8,"column":1}},"line":5}},"branchMap":{},"s":{"0":2,"1":2,"2":2,"3":1},"f":{"0":2,"1":2},"b":{},"_coverageSchema":"1a1c01bbd47fc00a2c39e90264f33305004495a9","hash":"5e5fcaccbf8a2aef60815ee60cf8919b431af7f1"}
}
